"gcc -o conftest -I/home/actian/tylerm/rspec-tests/healthcheck/healthcheck-1.0.0-linux-x86_64/lib/ruby/include/ruby-2.1.0/x86_64-linux -I/home/actian/tylerm/rspec-tests/healthcheck/healthcheck-1.0.0-linux-x86_64/lib/ruby/include/ruby-2.1.0/ruby/backward -I/home/actian/tylerm/rspec-tests/healthcheck/healthcheck-1.0.0-linux-x86_64/lib/ruby/include/ruby-2.1.0 -I.    -I/usr/local/override/include conftest.c  -L. -L/home/actian/tylerm/rspec-tests/healthcheck/healthcheck-1.0.0-linux-x86_64/lib/ruby/lib -Wl,-R/home/actian/tylerm/rspec-tests/healthcheck/healthcheck-1.0.0-linux-x86_64/lib/ruby/lib -L. -L/usr/local/override/lib -fstack-protector -rdynamic -Wl,-export-dynamic     -Wl,-R -Wl,/home/actian/tylerm/rspec-tests/healthcheck/healthcheck-1.0.0-linux-x86_64/lib/ruby/lib -L/home/actian/tylerm/rspec-tests/healthcheck/healthcheck-1.0.0-linux-x86_64/lib/ruby/lib -lruby-static  -lpthread -lrt -ldl -lcrypt -lm   -lc"
checked program was:
/* begin */
1: #include "ruby.h"
2: 
3: int main(int argc, char **argv)
4: {
5:   return 0;
6: }
/* end */

"gcc -o conftest -I/home/actian/tylerm/rspec-tests/healthcheck/healthcheck-1.0.0-linux-x86_64/lib/ruby/include/ruby-2.1.0/x86_64-linux -I/home/actian/tylerm/rspec-tests/healthcheck/healthcheck-1.0.0-linux-x86_64/lib/ruby/include/ruby-2.1.0/ruby/backward -I/home/actian/tylerm/rspec-tests/healthcheck/healthcheck-1.0.0-linux-x86_64/lib/ruby/include/ruby-2.1.0 -I.    -I/usr/local/override/include conftest.c  -L. -L/home/actian/tylerm/rspec-tests/healthcheck/healthcheck-1.0.0-linux-x86_64/lib/ruby/lib -Wl,-R/home/actian/tylerm/rspec-tests/healthcheck/healthcheck-1.0.0-linux-x86_64/lib/ruby/lib -lssl -lcrypto     -Wl,-R -Wl,/home/actian/tylerm/rspec-tests/healthcheck/healthcheck-1.0.0-linux-x86_64/lib/ruby/lib -L/home/actian/tylerm/rspec-tests/healthcheck/healthcheck-1.0.0-linux-x86_64/lib/ruby/lib -lruby-static  -lpthread -lrt -ldl -lcrypt -lm   -lc"
checked program was:
/* begin */
1: #include "ruby.h"
2: 
3: int main() {return 0;}
/* end */

package configuration for openssl
cflags: 
ldflags: 
libs: -lssl -lcrypto

have_var: checking for rb_trap_immediate in ruby.h,rubysig.h... -------------------- no

"gcc -I/home/actian/tylerm/rspec-tests/healthcheck/healthcheck-1.0.0-linux-x86_64/lib/ruby/include/ruby-2.1.0/x86_64-linux -I/home/actian/tylerm/rspec-tests/healthcheck/healthcheck-1.0.0-linux-x86_64/lib/ruby/include/ruby-2.1.0/ruby/backward -I/home/actian/tylerm/rspec-tests/healthcheck/healthcheck-1.0.0-linux-x86_64/lib/ruby/include/ruby-2.1.0 -I.    -I/usr/local/override/include    -c conftest.c"
In file included from conftest.c:4:
/home/actian/tylerm/rspec-tests/healthcheck/healthcheck-1.0.0-linux-x86_64/lib/ruby/include/ruby-2.1.0/ruby/backward/rubysig.h:14:2: warning: #warning rubysig.h is obsolete
conftest.c: In function ‘t’:
conftest.c:16: error: ‘rb_trap_immediate’ undeclared (first use in this function)
conftest.c:16: error: (Each undeclared identifier is reported only once
conftest.c:16: error: for each function it appears in.)
checked program was:
/* begin */
 1: #include "ruby.h"
 2: 
 3: #include <ruby.h>
 4: #include <rubysig.h>
 5: 
 6: /*top*/
 7: extern int t(void);
 8: int main(int argc, char **argv)
 9: {
10:   if (argc > 1000000) {
11:     printf("%p", &t);
12:   }
13: 
14:   return 0;
15: }
16: int t(void) { const volatile void *volatile p; p = &(&rb_trap_immediate)[0]; return 0; }
/* end */

--------------------

have_func: checking for rb_thread_blocking_region()... -------------------- no

"gcc -o conftest -I/home/actian/tylerm/rspec-tests/healthcheck/healthcheck-1.0.0-linux-x86_64/lib/ruby/include/ruby-2.1.0/x86_64-linux -I/home/actian/tylerm/rspec-tests/healthcheck/healthcheck-1.0.0-linux-x86_64/lib/ruby/include/ruby-2.1.0/ruby/backward -I/home/actian/tylerm/rspec-tests/healthcheck/healthcheck-1.0.0-linux-x86_64/lib/ruby/include/ruby-2.1.0 -I.    -I/usr/local/override/include  conftest.c  -L. -L/home/actian/tylerm/rspec-tests/healthcheck/healthcheck-1.0.0-linux-x86_64/lib/ruby/lib -Wl,-R/home/actian/tylerm/rspec-tests/healthcheck/healthcheck-1.0.0-linux-x86_64/lib/ruby/lib -L. -L/usr/local/override/lib -fstack-protector -rdynamic -Wl,-export-dynamic      -lssl -lcrypto -Wl,-R -Wl,/home/actian/tylerm/rspec-tests/healthcheck/healthcheck-1.0.0-linux-x86_64/lib/ruby/lib -L/home/actian/tylerm/rspec-tests/healthcheck/healthcheck-1.0.0-linux-x86_64/lib/ruby/lib -lruby-static  -lssl -lcrypto -lpthread -lrt -ldl -lcrypt -lm   -lc"
conftest.c: In function ‘t’:
conftest.c:13: warning: ‘rb_thread_blocking_region’ is deprecated (declared at /home/actian/tylerm/rspec-tests/healthcheck/healthcheck-1.0.0-linux-x86_64/lib/ruby/include/ruby-2.1.0/ruby/intern.h:870)
/tmp/ccc9xuCK.o: In function `t':
conftest.c:(.text+0x3b): undefined reference to `rb_thread_blocking_region'
collect2: ld returned 1 exit status
checked program was:
/* begin */
 1: #include "ruby.h"
 2: 
 3: /*top*/
 4: extern int t(void);
 5: int main(int argc, char **argv)
 6: {
 7:   if (argc > 1000000) {
 8:     printf("%p", &t);
 9:   }
10: 
11:   return 0;
12: }
13: int t(void) { void ((*volatile p)()); p = (void ((*)()))rb_thread_blocking_region; return 0; }
/* end */

"gcc -o conftest -I/home/actian/tylerm/rspec-tests/healthcheck/healthcheck-1.0.0-linux-x86_64/lib/ruby/include/ruby-2.1.0/x86_64-linux -I/home/actian/tylerm/rspec-tests/healthcheck/healthcheck-1.0.0-linux-x86_64/lib/ruby/include/ruby-2.1.0/ruby/backward -I/home/actian/tylerm/rspec-tests/healthcheck/healthcheck-1.0.0-linux-x86_64/lib/ruby/include/ruby-2.1.0 -I.    -I/usr/local/override/include  conftest.c  -L. -L/home/actian/tylerm/rspec-tests/healthcheck/healthcheck-1.0.0-linux-x86_64/lib/ruby/lib -Wl,-R/home/actian/tylerm/rspec-tests/healthcheck/healthcheck-1.0.0-linux-x86_64/lib/ruby/lib -L. -L/usr/local/override/lib -fstack-protector -rdynamic -Wl,-export-dynamic      -lssl -lcrypto -Wl,-R -Wl,/home/actian/tylerm/rspec-tests/healthcheck/healthcheck-1.0.0-linux-x86_64/lib/ruby/lib -L/home/actian/tylerm/rspec-tests/healthcheck/healthcheck-1.0.0-linux-x86_64/lib/ruby/lib -lruby-static  -lssl -lcrypto -lpthread -lrt -ldl -lcrypt -lm   -lc"
conftest.c: In function ‘t’:
conftest.c:13: warning: ‘rb_thread_blocking_region’ is deprecated (declared at /home/actian/tylerm/rspec-tests/healthcheck/healthcheck-1.0.0-linux-x86_64/lib/ruby/include/ruby-2.1.0/ruby/intern.h:870)
conftest.c:13: error: too few arguments to function ‘rb_thread_blocking_region’
checked program was:
/* begin */
 1: #include "ruby.h"
 2: 
 3: /*top*/
 4: extern int t(void);
 5: int main(int argc, char **argv)
 6: {
 7:   if (argc > 1000000) {
 8:     printf("%p", &t);
 9:   }
10: 
11:   return 0;
12: }
13: int t(void) { rb_thread_blocking_region(); return 0; }
/* end */

--------------------

have_header: checking for ruby/thread.h... -------------------- yes

"gcc -E -I/home/actian/tylerm/rspec-tests/healthcheck/healthcheck-1.0.0-linux-x86_64/lib/ruby/include/ruby-2.1.0/x86_64-linux -I/home/actian/tylerm/rspec-tests/healthcheck/healthcheck-1.0.0-linux-x86_64/lib/ruby/include/ruby-2.1.0/ruby/backward -I/home/actian/tylerm/rspec-tests/healthcheck/healthcheck-1.0.0-linux-x86_64/lib/ruby/include/ruby-2.1.0 -I.    -I/usr/local/override/include   conftest.c -o conftest.i"
checked program was:
/* begin */
1: #include "ruby.h"
2: 
3: #include <ruby/thread.h>
/* end */

--------------------

have_func: checking for rb_thread_call_without_gvl() in ruby/thread.h... -------------------- no

"gcc -o conftest -I/home/actian/tylerm/rspec-tests/healthcheck/healthcheck-1.0.0-linux-x86_64/lib/ruby/include/ruby-2.1.0/x86_64-linux -I/home/actian/tylerm/rspec-tests/healthcheck/healthcheck-1.0.0-linux-x86_64/lib/ruby/include/ruby-2.1.0/ruby/backward -I/home/actian/tylerm/rspec-tests/healthcheck/healthcheck-1.0.0-linux-x86_64/lib/ruby/include/ruby-2.1.0 -I.    -I/usr/local/override/include  conftest.c  -L. -L/home/actian/tylerm/rspec-tests/healthcheck/healthcheck-1.0.0-linux-x86_64/lib/ruby/lib -Wl,-R/home/actian/tylerm/rspec-tests/healthcheck/healthcheck-1.0.0-linux-x86_64/lib/ruby/lib -L. -L/usr/local/override/lib -fstack-protector -rdynamic -Wl,-export-dynamic      -lssl -lcrypto -Wl,-R -Wl,/home/actian/tylerm/rspec-tests/healthcheck/healthcheck-1.0.0-linux-x86_64/lib/ruby/lib -L/home/actian/tylerm/rspec-tests/healthcheck/healthcheck-1.0.0-linux-x86_64/lib/ruby/lib -lruby-static  -lssl -lcrypto -lpthread -lrt -ldl -lcrypt -lm   -lc"
/tmp/cc7x0597.o: In function `t':
conftest.c:(.text+0x3b): undefined reference to `rb_thread_call_without_gvl'
collect2: ld returned 1 exit status
checked program was:
/* begin */
 1: #include "ruby.h"
 2: 
 3: #include <ruby/thread.h>
 4: 
 5: /*top*/
 6: extern int t(void);
 7: int main(int argc, char **argv)
 8: {
 9:   if (argc > 1000000) {
10:     printf("%p", &t);
11:   }
12: 
13:   return 0;
14: }
15: int t(void) { void ((*volatile p)()); p = (void ((*)()))rb_thread_call_without_gvl; return 0; }
/* end */

"gcc -o conftest -I/home/actian/tylerm/rspec-tests/healthcheck/healthcheck-1.0.0-linux-x86_64/lib/ruby/include/ruby-2.1.0/x86_64-linux -I/home/actian/tylerm/rspec-tests/healthcheck/healthcheck-1.0.0-linux-x86_64/lib/ruby/include/ruby-2.1.0/ruby/backward -I/home/actian/tylerm/rspec-tests/healthcheck/healthcheck-1.0.0-linux-x86_64/lib/ruby/include/ruby-2.1.0 -I.    -I/usr/local/override/include  conftest.c  -L. -L/home/actian/tylerm/rspec-tests/healthcheck/healthcheck-1.0.0-linux-x86_64/lib/ruby/lib -Wl,-R/home/actian/tylerm/rspec-tests/healthcheck/healthcheck-1.0.0-linux-x86_64/lib/ruby/lib -L. -L/usr/local/override/lib -fstack-protector -rdynamic -Wl,-export-dynamic      -lssl -lcrypto -Wl,-R -Wl,/home/actian/tylerm/rspec-tests/healthcheck/healthcheck-1.0.0-linux-x86_64/lib/ruby/lib -L/home/actian/tylerm/rspec-tests/healthcheck/healthcheck-1.0.0-linux-x86_64/lib/ruby/lib -lruby-static  -lssl -lcrypto -lpthread -lrt -ldl -lcrypt -lm   -lc"
conftest.c: In function ‘t’:
conftest.c:15: error: too few arguments to function ‘rb_thread_call_without_gvl’
checked program was:
/* begin */
 1: #include "ruby.h"
 2: 
 3: #include <ruby/thread.h>
 4: 
 5: /*top*/
 6: extern int t(void);
 7: int main(int argc, char **argv)
 8: {
 9:   if (argc > 1000000) {
10:     printf("%p", &t);
11:   }
12: 
13:   return 0;
14: }
15: int t(void) { rb_thread_call_without_gvl(); return 0; }
/* end */

--------------------

have_func: checking for inotify_init() in sys/inotify.h... -------------------- yes

"gcc -o conftest -I/home/actian/tylerm/rspec-tests/healthcheck/healthcheck-1.0.0-linux-x86_64/lib/ruby/include/ruby-2.1.0/x86_64-linux -I/home/actian/tylerm/rspec-tests/healthcheck/healthcheck-1.0.0-linux-x86_64/lib/ruby/include/ruby-2.1.0/ruby/backward -I/home/actian/tylerm/rspec-tests/healthcheck/healthcheck-1.0.0-linux-x86_64/lib/ruby/include/ruby-2.1.0 -I.    -I/usr/local/override/include  conftest.c  -L. -L/home/actian/tylerm/rspec-tests/healthcheck/healthcheck-1.0.0-linux-x86_64/lib/ruby/lib -Wl,-R/home/actian/tylerm/rspec-tests/healthcheck/healthcheck-1.0.0-linux-x86_64/lib/ruby/lib -L. -L/usr/local/override/lib -fstack-protector -rdynamic -Wl,-export-dynamic      -lssl -lcrypto -Wl,-R -Wl,/home/actian/tylerm/rspec-tests/healthcheck/healthcheck-1.0.0-linux-x86_64/lib/ruby/lib -L/home/actian/tylerm/rspec-tests/healthcheck/healthcheck-1.0.0-linux-x86_64/lib/ruby/lib -lruby-static  -lssl -lcrypto -lpthread -lrt -ldl -lcrypt -lm   -lc"
checked program was:
/* begin */
 1: #include "ruby.h"
 2: 
 3: #include <sys/inotify.h>
 4: 
 5: /*top*/
 6: extern int t(void);
 7: int main(int argc, char **argv)
 8: {
 9:   if (argc > 1000000) {
10:     printf("%p", &t);
11:   }
12: 
13:   return 0;
14: }
15: int t(void) { void ((*volatile p)()); p = (void ((*)()))inotify_init; return 0; }
/* end */

--------------------

have_func: checking for writev() in sys/uio.h... -------------------- yes

"gcc -o conftest -I/home/actian/tylerm/rspec-tests/healthcheck/healthcheck-1.0.0-linux-x86_64/lib/ruby/include/ruby-2.1.0/x86_64-linux -I/home/actian/tylerm/rspec-tests/healthcheck/healthcheck-1.0.0-linux-x86_64/lib/ruby/include/ruby-2.1.0/ruby/backward -I/home/actian/tylerm/rspec-tests/healthcheck/healthcheck-1.0.0-linux-x86_64/lib/ruby/include/ruby-2.1.0 -I.    -I/usr/local/override/include  conftest.c  -L. -L/home/actian/tylerm/rspec-tests/healthcheck/healthcheck-1.0.0-linux-x86_64/lib/ruby/lib -Wl,-R/home/actian/tylerm/rspec-tests/healthcheck/healthcheck-1.0.0-linux-x86_64/lib/ruby/lib -L. -L/usr/local/override/lib -fstack-protector -rdynamic -Wl,-export-dynamic      -lssl -lcrypto -Wl,-R -Wl,/home/actian/tylerm/rspec-tests/healthcheck/healthcheck-1.0.0-linux-x86_64/lib/ruby/lib -L/home/actian/tylerm/rspec-tests/healthcheck/healthcheck-1.0.0-linux-x86_64/lib/ruby/lib -lruby-static  -lssl -lcrypto -lpthread -lrt -ldl -lcrypt -lm   -lc"
checked program was:
/* begin */
 1: #include "ruby.h"
 2: 
 3: #include <sys/uio.h>
 4: 
 5: /*top*/
 6: extern int t(void);
 7: int main(int argc, char **argv)
 8: {
 9:   if (argc > 1000000) {
10:     printf("%p", &t);
11:   }
12: 
13:   return 0;
14: }
15: int t(void) { void ((*volatile p)()); p = (void ((*)()))writev; return 0; }
/* end */

--------------------

have_func: checking for rb_thread_fd_select()... -------------------- no

"gcc -o conftest -I/home/actian/tylerm/rspec-tests/healthcheck/healthcheck-1.0.0-linux-x86_64/lib/ruby/include/ruby-2.1.0/x86_64-linux -I/home/actian/tylerm/rspec-tests/healthcheck/healthcheck-1.0.0-linux-x86_64/lib/ruby/include/ruby-2.1.0/ruby/backward -I/home/actian/tylerm/rspec-tests/healthcheck/healthcheck-1.0.0-linux-x86_64/lib/ruby/include/ruby-2.1.0 -I.    -I/usr/local/override/include  conftest.c  -L. -L/home/actian/tylerm/rspec-tests/healthcheck/healthcheck-1.0.0-linux-x86_64/lib/ruby/lib -Wl,-R/home/actian/tylerm/rspec-tests/healthcheck/healthcheck-1.0.0-linux-x86_64/lib/ruby/lib -L. -L/usr/local/override/lib -fstack-protector -rdynamic -Wl,-export-dynamic      -lssl -lcrypto -Wl,-R -Wl,/home/actian/tylerm/rspec-tests/healthcheck/healthcheck-1.0.0-linux-x86_64/lib/ruby/lib -L/home/actian/tylerm/rspec-tests/healthcheck/healthcheck-1.0.0-linux-x86_64/lib/ruby/lib -lruby-static  -lssl -lcrypto -lpthread -lrt -ldl -lcrypt -lm   -lc"
/tmp/cceXlBLJ.o: In function `t':
conftest.c:(.text+0x3b): undefined reference to `rb_thread_fd_select'
collect2: ld returned 1 exit status
checked program was:
/* begin */
 1: #include "ruby.h"
 2: 
 3: /*top*/
 4: extern int t(void);
 5: int main(int argc, char **argv)
 6: {
 7:   if (argc > 1000000) {
 8:     printf("%p", &t);
 9:   }
10: 
11:   return 0;
12: }
13: int t(void) { void ((*volatile p)()); p = (void ((*)()))rb_thread_fd_select; return 0; }
/* end */

"gcc -o conftest -I/home/actian/tylerm/rspec-tests/healthcheck/healthcheck-1.0.0-linux-x86_64/lib/ruby/include/ruby-2.1.0/x86_64-linux -I/home/actian/tylerm/rspec-tests/healthcheck/healthcheck-1.0.0-linux-x86_64/lib/ruby/include/ruby-2.1.0/ruby/backward -I/home/actian/tylerm/rspec-tests/healthcheck/healthcheck-1.0.0-linux-x86_64/lib/ruby/include/ruby-2.1.0 -I.    -I/usr/local/override/include  conftest.c  -L. -L/home/actian/tylerm/rspec-tests/healthcheck/healthcheck-1.0.0-linux-x86_64/lib/ruby/lib -Wl,-R/home/actian/tylerm/rspec-tests/healthcheck/healthcheck-1.0.0-linux-x86_64/lib/ruby/lib -L. -L/usr/local/override/lib -fstack-protector -rdynamic -Wl,-export-dynamic      -lssl -lcrypto -Wl,-R -Wl,/home/actian/tylerm/rspec-tests/healthcheck/healthcheck-1.0.0-linux-x86_64/lib/ruby/lib -L/home/actian/tylerm/rspec-tests/healthcheck/healthcheck-1.0.0-linux-x86_64/lib/ruby/lib -lruby-static  -lssl -lcrypto -lpthread -lrt -ldl -lcrypt -lm   -lc"
conftest.c: In function ‘t’:
conftest.c:13: error: too few arguments to function ‘rb_thread_fd_select’
checked program was:
/* begin */
 1: #include "ruby.h"
 2: 
 3: /*top*/
 4: extern int t(void);
 5: int main(int argc, char **argv)
 6: {
 7:   if (argc > 1000000) {
 8:     printf("%p", &t);
 9:   }
10: 
11:   return 0;
12: }
13: int t(void) { rb_thread_fd_select(); return 0; }
/* end */

--------------------

have_type: checking for rb_fdset_t in ruby/intern.h... -------------------- yes

"gcc -I/home/actian/tylerm/rspec-tests/healthcheck/healthcheck-1.0.0-linux-x86_64/lib/ruby/include/ruby-2.1.0/x86_64-linux -I/home/actian/tylerm/rspec-tests/healthcheck/healthcheck-1.0.0-linux-x86_64/lib/ruby/include/ruby-2.1.0/ruby/backward -I/home/actian/tylerm/rspec-tests/healthcheck/healthcheck-1.0.0-linux-x86_64/lib/ruby/include/ruby-2.1.0 -I.    -I/usr/local/override/include    -c conftest.c"
checked program was:
/* begin */
1: #include "ruby.h"
2: 
3: #include <ruby/intern.h>
4: 
5: /*top*/
6: typedef rb_fdset_t conftest_type;
7: int conftestval[sizeof(conftest_type)?1:-1];
/* end */

--------------------

have_func: checking for pipe2() in unistd.h... -------------------- yes

"gcc -o conftest -I/home/actian/tylerm/rspec-tests/healthcheck/healthcheck-1.0.0-linux-x86_64/lib/ruby/include/ruby-2.1.0/x86_64-linux -I/home/actian/tylerm/rspec-tests/healthcheck/healthcheck-1.0.0-linux-x86_64/lib/ruby/include/ruby-2.1.0/ruby/backward -I/home/actian/tylerm/rspec-tests/healthcheck/healthcheck-1.0.0-linux-x86_64/lib/ruby/include/ruby-2.1.0 -I.    -I/usr/local/override/include  conftest.c  -L. -L/home/actian/tylerm/rspec-tests/healthcheck/healthcheck-1.0.0-linux-x86_64/lib/ruby/lib -Wl,-R/home/actian/tylerm/rspec-tests/healthcheck/healthcheck-1.0.0-linux-x86_64/lib/ruby/lib -L. -L/usr/local/override/lib -fstack-protector -rdynamic -Wl,-export-dynamic      -lssl -lcrypto -Wl,-R -Wl,/home/actian/tylerm/rspec-tests/healthcheck/healthcheck-1.0.0-linux-x86_64/lib/ruby/lib -L/home/actian/tylerm/rspec-tests/healthcheck/healthcheck-1.0.0-linux-x86_64/lib/ruby/lib -lruby-static  -lssl -lcrypto -lpthread -lrt -ldl -lcrypt -lm   -lc"
checked program was:
/* begin */
 1: #include "ruby.h"
 2: 
 3: #include <unistd.h>
 4: 
 5: /*top*/
 6: extern int t(void);
 7: int main(int argc, char **argv)
 8: {
 9:   if (argc > 1000000) {
10:     printf("%p", &t);
11:   }
12: 
13:   return 0;
14: }
15: int t(void) { void ((*volatile p)()); p = (void ((*)()))pipe2; return 0; }
/* end */

--------------------

have_func: checking for accept4() in sys/socket.h... -------------------- yes

"gcc -o conftest -I/home/actian/tylerm/rspec-tests/healthcheck/healthcheck-1.0.0-linux-x86_64/lib/ruby/include/ruby-2.1.0/x86_64-linux -I/home/actian/tylerm/rspec-tests/healthcheck/healthcheck-1.0.0-linux-x86_64/lib/ruby/include/ruby-2.1.0/ruby/backward -I/home/actian/tylerm/rspec-tests/healthcheck/healthcheck-1.0.0-linux-x86_64/lib/ruby/include/ruby-2.1.0 -I.    -I/usr/local/override/include  conftest.c  -L. -L/home/actian/tylerm/rspec-tests/healthcheck/healthcheck-1.0.0-linux-x86_64/lib/ruby/lib -Wl,-R/home/actian/tylerm/rspec-tests/healthcheck/healthcheck-1.0.0-linux-x86_64/lib/ruby/lib -L. -L/usr/local/override/lib -fstack-protector -rdynamic -Wl,-export-dynamic      -lssl -lcrypto -Wl,-R -Wl,/home/actian/tylerm/rspec-tests/healthcheck/healthcheck-1.0.0-linux-x86_64/lib/ruby/lib -L/home/actian/tylerm/rspec-tests/healthcheck/healthcheck-1.0.0-linux-x86_64/lib/ruby/lib -lruby-static  -lssl -lcrypto -lpthread -lrt -ldl -lcrypt -lm   -lc"
checked program was:
/* begin */
 1: #include "ruby.h"
 2: 
 3: #include <sys/socket.h>
 4: 
 5: /*top*/
 6: extern int t(void);
 7: int main(int argc, char **argv)
 8: {
 9:   if (argc > 1000000) {
10:     printf("%p", &t);
11:   }
12: 
13:   return 0;
14: }
15: int t(void) { void ((*volatile p)()); p = (void ((*)()))accept4; return 0; }
/* end */

--------------------

have_const: checking for SOCK_CLOEXEC in sys/socket.h... -------------------- yes

"gcc -I/home/actian/tylerm/rspec-tests/healthcheck/healthcheck-1.0.0-linux-x86_64/lib/ruby/include/ruby-2.1.0/x86_64-linux -I/home/actian/tylerm/rspec-tests/healthcheck/healthcheck-1.0.0-linux-x86_64/lib/ruby/include/ruby-2.1.0/ruby/backward -I/home/actian/tylerm/rspec-tests/healthcheck/healthcheck-1.0.0-linux-x86_64/lib/ruby/include/ruby-2.1.0 -I.    -I/usr/local/override/include    -c conftest.c"
checked program was:
/* begin */
1: #include "ruby.h"
2: 
3: #include <sys/socket.h>
4: 
5: /*top*/
6: typedef int conftest_type;
7: conftest_type conftestval = (int)SOCK_CLOEXEC;
/* end */

--------------------

have_func: checking for rb_wait_for_single_fd()... -------------------- no

"gcc -o conftest -I/home/actian/tylerm/rspec-tests/healthcheck/healthcheck-1.0.0-linux-x86_64/lib/ruby/include/ruby-2.1.0/x86_64-linux -I/home/actian/tylerm/rspec-tests/healthcheck/healthcheck-1.0.0-linux-x86_64/lib/ruby/include/ruby-2.1.0/ruby/backward -I/home/actian/tylerm/rspec-tests/healthcheck/healthcheck-1.0.0-linux-x86_64/lib/ruby/include/ruby-2.1.0 -I.    -I/usr/local/override/include  conftest.c  -L. -L/home/actian/tylerm/rspec-tests/healthcheck/healthcheck-1.0.0-linux-x86_64/lib/ruby/lib -Wl,-R/home/actian/tylerm/rspec-tests/healthcheck/healthcheck-1.0.0-linux-x86_64/lib/ruby/lib -L. -L/usr/local/override/lib -fstack-protector -rdynamic -Wl,-export-dynamic      -lssl -lcrypto -Wl,-R -Wl,/home/actian/tylerm/rspec-tests/healthcheck/healthcheck-1.0.0-linux-x86_64/lib/ruby/lib -L/home/actian/tylerm/rspec-tests/healthcheck/healthcheck-1.0.0-linux-x86_64/lib/ruby/lib -lruby-static  -lssl -lcrypto -lpthread -lrt -ldl -lcrypt -lm   -lc"
conftest.c: In function ‘t’:
conftest.c:13: error: ‘rb_wait_for_single_fd’ undeclared (first use in this function)
conftest.c:13: error: (Each undeclared identifier is reported only once
conftest.c:13: error: for each function it appears in.)
checked program was:
/* begin */
 1: #include "ruby.h"
 2: 
 3: /*top*/
 4: extern int t(void);
 5: int main(int argc, char **argv)
 6: {
 7:   if (argc > 1000000) {
 8:     printf("%p", &t);
 9:   }
10: 
11:   return 0;
12: }
13: int t(void) { void ((*volatile p)()); p = (void ((*)()))rb_wait_for_single_fd; return 0; }
/* end */

"gcc -o conftest -I/home/actian/tylerm/rspec-tests/healthcheck/healthcheck-1.0.0-linux-x86_64/lib/ruby/include/ruby-2.1.0/x86_64-linux -I/home/actian/tylerm/rspec-tests/healthcheck/healthcheck-1.0.0-linux-x86_64/lib/ruby/include/ruby-2.1.0/ruby/backward -I/home/actian/tylerm/rspec-tests/healthcheck/healthcheck-1.0.0-linux-x86_64/lib/ruby/include/ruby-2.1.0 -I.    -I/usr/local/override/include  conftest.c  -L. -L/home/actian/tylerm/rspec-tests/healthcheck/healthcheck-1.0.0-linux-x86_64/lib/ruby/lib -Wl,-R/home/actian/tylerm/rspec-tests/healthcheck/healthcheck-1.0.0-linux-x86_64/lib/ruby/lib -L. -L/usr/local/override/lib -fstack-protector -rdynamic -Wl,-export-dynamic      -lssl -lcrypto -Wl,-R -Wl,/home/actian/tylerm/rspec-tests/healthcheck/healthcheck-1.0.0-linux-x86_64/lib/ruby/lib -L/home/actian/tylerm/rspec-tests/healthcheck/healthcheck-1.0.0-linux-x86_64/lib/ruby/lib -lruby-static  -lssl -lcrypto -lpthread -lrt -ldl -lcrypt -lm   -lc"
/tmp/ccz9HLlk.o: In function `t':
conftest.c:(.text+0x40): undefined reference to `rb_wait_for_single_fd'
collect2: ld returned 1 exit status
checked program was:
/* begin */
 1: #include "ruby.h"
 2: 
 3: /*top*/
 4: extern int t(void);
 5: int main(int argc, char **argv)
 6: {
 7:   if (argc > 1000000) {
 8:     printf("%p", &t);
 9:   }
10: 
11:   return 0;
12: }
13: int t(void) { rb_wait_for_single_fd(); return 0; }
/* end */

--------------------

have_func: checking for rb_enable_interrupt()... -------------------- no

"gcc -o conftest -I/home/actian/tylerm/rspec-tests/healthcheck/healthcheck-1.0.0-linux-x86_64/lib/ruby/include/ruby-2.1.0/x86_64-linux -I/home/actian/tylerm/rspec-tests/healthcheck/healthcheck-1.0.0-linux-x86_64/lib/ruby/include/ruby-2.1.0/ruby/backward -I/home/actian/tylerm/rspec-tests/healthcheck/healthcheck-1.0.0-linux-x86_64/lib/ruby/include/ruby-2.1.0 -I.    -I/usr/local/override/include  conftest.c  -L. -L/home/actian/tylerm/rspec-tests/healthcheck/healthcheck-1.0.0-linux-x86_64/lib/ruby/lib -Wl,-R/home/actian/tylerm/rspec-tests/healthcheck/healthcheck-1.0.0-linux-x86_64/lib/ruby/lib -L. -L/usr/local/override/lib -fstack-protector -rdynamic -Wl,-export-dynamic      -lssl -lcrypto -Wl,-R -Wl,/home/actian/tylerm/rspec-tests/healthcheck/healthcheck-1.0.0-linux-x86_64/lib/ruby/lib -L/home/actian/tylerm/rspec-tests/healthcheck/healthcheck-1.0.0-linux-x86_64/lib/ruby/lib -lruby-static  -lssl -lcrypto -lpthread -lrt -ldl -lcrypt -lm   -lc"
conftest.c: In function ‘t’:
conftest.c:13: error: ‘rb_enable_interrupt’ undeclared (first use in this function)
conftest.c:13: error: (Each undeclared identifier is reported only once
conftest.c:13: error: for each function it appears in.)
checked program was:
/* begin */
 1: #include "ruby.h"
 2: 
 3: /*top*/
 4: extern int t(void);
 5: int main(int argc, char **argv)
 6: {
 7:   if (argc > 1000000) {
 8:     printf("%p", &t);
 9:   }
10: 
11:   return 0;
12: }
13: int t(void) { void ((*volatile p)()); p = (void ((*)()))rb_enable_interrupt; return 0; }
/* end */

"gcc -o conftest -I/home/actian/tylerm/rspec-tests/healthcheck/healthcheck-1.0.0-linux-x86_64/lib/ruby/include/ruby-2.1.0/x86_64-linux -I/home/actian/tylerm/rspec-tests/healthcheck/healthcheck-1.0.0-linux-x86_64/lib/ruby/include/ruby-2.1.0/ruby/backward -I/home/actian/tylerm/rspec-tests/healthcheck/healthcheck-1.0.0-linux-x86_64/lib/ruby/include/ruby-2.1.0 -I.    -I/usr/local/override/include  conftest.c  -L. -L/home/actian/tylerm/rspec-tests/healthcheck/healthcheck-1.0.0-linux-x86_64/lib/ruby/lib -Wl,-R/home/actian/tylerm/rspec-tests/healthcheck/healthcheck-1.0.0-linux-x86_64/lib/ruby/lib -L. -L/usr/local/override/lib -fstack-protector -rdynamic -Wl,-export-dynamic      -lssl -lcrypto -Wl,-R -Wl,/home/actian/tylerm/rspec-tests/healthcheck/healthcheck-1.0.0-linux-x86_64/lib/ruby/lib -L/home/actian/tylerm/rspec-tests/healthcheck/healthcheck-1.0.0-linux-x86_64/lib/ruby/lib -lruby-static  -lssl -lcrypto -lpthread -lrt -ldl -lcrypt -lm   -lc"
/tmp/ccQTZxtF.o: In function `t':
conftest.c:(.text+0x40): undefined reference to `rb_enable_interrupt'
collect2: ld returned 1 exit status
checked program was:
/* begin */
 1: #include "ruby.h"
 2: 
 3: /*top*/
 4: extern int t(void);
 5: int main(int argc, char **argv)
 6: {
 7:   if (argc > 1000000) {
 8:     printf("%p", &t);
 9:   }
10: 
11:   return 0;
12: }
13: int t(void) { rb_enable_interrupt(); return 0; }
/* end */

--------------------

have_func: checking for rb_time_new()... -------------------- yes

"gcc -o conftest -I/home/actian/tylerm/rspec-tests/healthcheck/healthcheck-1.0.0-linux-x86_64/lib/ruby/include/ruby-2.1.0/x86_64-linux -I/home/actian/tylerm/rspec-tests/healthcheck/healthcheck-1.0.0-linux-x86_64/lib/ruby/include/ruby-2.1.0/ruby/backward -I/home/actian/tylerm/rspec-tests/healthcheck/healthcheck-1.0.0-linux-x86_64/lib/ruby/include/ruby-2.1.0 -I.    -I/usr/local/override/include  conftest.c  -L. -L/home/actian/tylerm/rspec-tests/healthcheck/healthcheck-1.0.0-linux-x86_64/lib/ruby/lib -Wl,-R/home/actian/tylerm/rspec-tests/healthcheck/healthcheck-1.0.0-linux-x86_64/lib/ruby/lib -L. -L/usr/local/override/lib -fstack-protector -rdynamic -Wl,-export-dynamic      -lssl -lcrypto -Wl,-R -Wl,/home/actian/tylerm/rspec-tests/healthcheck/healthcheck-1.0.0-linux-x86_64/lib/ruby/lib -L/home/actian/tylerm/rspec-tests/healthcheck/healthcheck-1.0.0-linux-x86_64/lib/ruby/lib -lruby-static  -lssl -lcrypto -lpthread -lrt -ldl -lcrypt -lm   -lc"
checked program was:
/* begin */
 1: #include "ruby.h"
 2: 
 3: /*top*/
 4: extern int t(void);
 5: int main(int argc, char **argv)
 6: {
 7:   if (argc > 1000000) {
 8:     printf("%p", &t);
 9:   }
10: 
11:   return 0;
12: }
13: int t(void) { void ((*volatile p)()); p = (void ((*)()))rb_time_new; return 0; }
/* end */

--------------------

have_header: checking for sys/event.h... -------------------- no

"gcc -E -I/home/actian/tylerm/rspec-tests/healthcheck/healthcheck-1.0.0-linux-x86_64/lib/ruby/include/ruby-2.1.0/x86_64-linux -I/home/actian/tylerm/rspec-tests/healthcheck/healthcheck-1.0.0-linux-x86_64/lib/ruby/include/ruby-2.1.0/ruby/backward -I/home/actian/tylerm/rspec-tests/healthcheck/healthcheck-1.0.0-linux-x86_64/lib/ruby/include/ruby-2.1.0 -I.    -I/usr/local/override/include   conftest.c -o conftest.i"
conftest.c:3:23: error: sys/event.h: No such file or directory
checked program was:
/* begin */
1: #include "ruby.h"
2: 
3: #include <sys/event.h>
/* end */

--------------------

have_func: checking for epoll_create() in sys/epoll.h... -------------------- yes

"gcc -o conftest -I/home/actian/tylerm/rspec-tests/healthcheck/healthcheck-1.0.0-linux-x86_64/lib/ruby/include/ruby-2.1.0/x86_64-linux -I/home/actian/tylerm/rspec-tests/healthcheck/healthcheck-1.0.0-linux-x86_64/lib/ruby/include/ruby-2.1.0/ruby/backward -I/home/actian/tylerm/rspec-tests/healthcheck/healthcheck-1.0.0-linux-x86_64/lib/ruby/include/ruby-2.1.0 -I.    -I/usr/local/override/include  conftest.c  -L. -L/home/actian/tylerm/rspec-tests/healthcheck/healthcheck-1.0.0-linux-x86_64/lib/ruby/lib -Wl,-R/home/actian/tylerm/rspec-tests/healthcheck/healthcheck-1.0.0-linux-x86_64/lib/ruby/lib -L. -L/usr/local/override/lib -fstack-protector -rdynamic -Wl,-export-dynamic      -lssl -lcrypto -Wl,-R -Wl,/home/actian/tylerm/rspec-tests/healthcheck/healthcheck-1.0.0-linux-x86_64/lib/ruby/lib -L/home/actian/tylerm/rspec-tests/healthcheck/healthcheck-1.0.0-linux-x86_64/lib/ruby/lib -lruby-static  -lssl -lcrypto -lpthread -lrt -ldl -lcrypt -lm   -lc"
checked program was:
/* begin */
 1: #include "ruby.h"
 2: 
 3: #include <sys/epoll.h>
 4: 
 5: /*top*/
 6: extern int t(void);
 7: int main(int argc, char **argv)
 8: {
 9:   if (argc > 1000000) {
10:     printf("%p", &t);
11:   }
12: 
13:   return 0;
14: }
15: int t(void) { void ((*volatile p)()); p = (void ((*)()))epoll_create; return 0; }
/* end */

--------------------

"gcc -o conftest -I/home/actian/tylerm/rspec-tests/healthcheck/healthcheck-1.0.0-linux-x86_64/lib/ruby/include/ruby-2.1.0/x86_64-linux -I/home/actian/tylerm/rspec-tests/healthcheck/healthcheck-1.0.0-linux-x86_64/lib/ruby/include/ruby-2.1.0/ruby/backward -I/home/actian/tylerm/rspec-tests/healthcheck/healthcheck-1.0.0-linux-x86_64/lib/ruby/include/ruby-2.1.0 -I.    -I/usr/local/override/include  conftest.c  -L. -L/home/actian/tylerm/rspec-tests/healthcheck/healthcheck-1.0.0-linux-x86_64/lib/ruby/lib -Wl,-R/home/actian/tylerm/rspec-tests/healthcheck/healthcheck-1.0.0-linux-x86_64/lib/ruby/lib -L. -L/usr/local/override/lib -fstack-protector -rdynamic -Wl,-export-dynamic      -lssl -lcrypto -Wl,-R -Wl,/home/actian/tylerm/rspec-tests/healthcheck/healthcheck-1.0.0-linux-x86_64/lib/ruby/lib -L/home/actian/tylerm/rspec-tests/healthcheck/healthcheck-1.0.0-linux-x86_64/lib/ruby/lib -lruby-static -Wall -lpthread -lrt -ldl -lcrypt -lm   -lc"
checked program was:
/* begin */
1: #include "ruby.h"
2: 
3: int main() {return 0;}
/* end */

"gcc -o conftest -I/home/actian/tylerm/rspec-tests/healthcheck/healthcheck-1.0.0-linux-x86_64/lib/ruby/include/ruby-2.1.0/x86_64-linux -I/home/actian/tylerm/rspec-tests/healthcheck/healthcheck-1.0.0-linux-x86_64/lib/ruby/include/ruby-2.1.0/ruby/backward -I/home/actian/tylerm/rspec-tests/healthcheck/healthcheck-1.0.0-linux-x86_64/lib/ruby/include/ruby-2.1.0 -I.    -I/usr/local/override/include  conftest.c  -L. -L/home/actian/tylerm/rspec-tests/healthcheck/healthcheck-1.0.0-linux-x86_64/lib/ruby/lib -Wl,-R/home/actian/tylerm/rspec-tests/healthcheck/healthcheck-1.0.0-linux-x86_64/lib/ruby/lib -L. -L/usr/local/override/lib -fstack-protector -rdynamic -Wl,-export-dynamic      -lssl -lcrypto -Wl,-R -Wl,/home/actian/tylerm/rspec-tests/healthcheck/healthcheck-1.0.0-linux-x86_64/lib/ruby/lib -L/home/actian/tylerm/rspec-tests/healthcheck/healthcheck-1.0.0-linux-x86_64/lib/ruby/lib -lruby-static -Wextra -lpthread -lrt -ldl -lcrypt -lm   -lc"
checked program was:
/* begin */
1: #include "ruby.h"
2: 
3: int main() {return 0;}
/* end */

"gcc -o conftest -I/home/actian/tylerm/rspec-tests/healthcheck/healthcheck-1.0.0-linux-x86_64/lib/ruby/include/ruby-2.1.0/x86_64-linux -I/home/actian/tylerm/rspec-tests/healthcheck/healthcheck-1.0.0-linux-x86_64/lib/ruby/include/ruby-2.1.0/ruby/backward -I/home/actian/tylerm/rspec-tests/healthcheck/healthcheck-1.0.0-linux-x86_64/lib/ruby/include/ruby-2.1.0 -I.    -I/usr/local/override/include  conftest.c  -L. -L/home/actian/tylerm/rspec-tests/healthcheck/healthcheck-1.0.0-linux-x86_64/lib/ruby/lib -Wl,-R/home/actian/tylerm/rspec-tests/healthcheck/healthcheck-1.0.0-linux-x86_64/lib/ruby/lib -L. -L/usr/local/override/lib -fstack-protector -rdynamic -Wl,-export-dynamic      -lssl -lcrypto -Wl,-R -Wl,/home/actian/tylerm/rspec-tests/healthcheck/healthcheck-1.0.0-linux-x86_64/lib/ruby/lib -L/home/actian/tylerm/rspec-tests/healthcheck/healthcheck-1.0.0-linux-x86_64/lib/ruby/lib -lruby-static -Wno-deprecated-declarations -lpthread -lrt -ldl -lcrypt -lm   -lc"
checked program was:
/* begin */
1: #include "ruby.h"
2: 
3: int main() {return 0;}
/* end */

"gcc -o conftest -I/home/actian/tylerm/rspec-tests/healthcheck/healthcheck-1.0.0-linux-x86_64/lib/ruby/include/ruby-2.1.0/x86_64-linux -I/home/actian/tylerm/rspec-tests/healthcheck/healthcheck-1.0.0-linux-x86_64/lib/ruby/include/ruby-2.1.0/ruby/backward -I/home/actian/tylerm/rspec-tests/healthcheck/healthcheck-1.0.0-linux-x86_64/lib/ruby/include/ruby-2.1.0 -I.    -I/usr/local/override/include  conftest.c  -L. -L/home/actian/tylerm/rspec-tests/healthcheck/healthcheck-1.0.0-linux-x86_64/lib/ruby/lib -Wl,-R/home/actian/tylerm/rspec-tests/healthcheck/healthcheck-1.0.0-linux-x86_64/lib/ruby/lib -L. -L/usr/local/override/lib -fstack-protector -rdynamic -Wl,-export-dynamic      -lssl -lcrypto -Wl,-R -Wl,/home/actian/tylerm/rspec-tests/healthcheck/healthcheck-1.0.0-linux-x86_64/lib/ruby/lib -L/home/actian/tylerm/rspec-tests/healthcheck/healthcheck-1.0.0-linux-x86_64/lib/ruby/lib -lruby-static -Wno-ignored-qualifiers -lpthread -lrt -ldl -lcrypt -lm   -lc"
checked program was:
/* begin */
1: #include "ruby.h"
2: 
3: int main() {return 0;}
/* end */

"gcc -o conftest -I/home/actian/tylerm/rspec-tests/healthcheck/healthcheck-1.0.0-linux-x86_64/lib/ruby/include/ruby-2.1.0/x86_64-linux -I/home/actian/tylerm/rspec-tests/healthcheck/healthcheck-1.0.0-linux-x86_64/lib/ruby/include/ruby-2.1.0/ruby/backward -I/home/actian/tylerm/rspec-tests/healthcheck/healthcheck-1.0.0-linux-x86_64/lib/ruby/include/ruby-2.1.0 -I.    -I/usr/local/override/include  conftest.c  -L. -L/home/actian/tylerm/rspec-tests/healthcheck/healthcheck-1.0.0-linux-x86_64/lib/ruby/lib -Wl,-R/home/actian/tylerm/rspec-tests/healthcheck/healthcheck-1.0.0-linux-x86_64/lib/ruby/lib -L. -L/usr/local/override/lib -fstack-protector -rdynamic -Wl,-export-dynamic      -lssl -lcrypto -Wl,-R -Wl,/home/actian/tylerm/rspec-tests/healthcheck/healthcheck-1.0.0-linux-x86_64/lib/ruby/lib -L/home/actian/tylerm/rspec-tests/healthcheck/healthcheck-1.0.0-linux-x86_64/lib/ruby/lib -lruby-static -Wno-unused-result -lpthread -lrt -ldl -lcrypt -lm   -lc"
checked program was:
/* begin */
1: #include "ruby.h"
2: 
3: int main() {return 0;}
/* end */

have_func: checking for clock_gettime()... -------------------- yes

"gcc -o conftest -I/home/actian/tylerm/rspec-tests/healthcheck/healthcheck-1.0.0-linux-x86_64/lib/ruby/include/ruby-2.1.0/x86_64-linux -I/home/actian/tylerm/rspec-tests/healthcheck/healthcheck-1.0.0-linux-x86_64/lib/ruby/include/ruby-2.1.0/ruby/backward -I/home/actian/tylerm/rspec-tests/healthcheck/healthcheck-1.0.0-linux-x86_64/lib/ruby/include/ruby-2.1.0 -I.    -Wall -Wextra -Wno-deprecated-declarations -Wno-ignored-qualifiers -Wno-unused-result -I/usr/local/override/include  -Wall -Wextra -Wno-deprecated-declarations -Wno-ignored-qualifiers -Wno-unused-result conftest.c  -L. -L/home/actian/tylerm/rspec-tests/healthcheck/healthcheck-1.0.0-linux-x86_64/lib/ruby/lib -Wl,-R/home/actian/tylerm/rspec-tests/healthcheck/healthcheck-1.0.0-linux-x86_64/lib/ruby/lib -L. -L/usr/local/override/lib -fstack-protector -rdynamic -Wl,-export-dynamic      -lssl -lcrypto -Wl,-R -Wl,/home/actian/tylerm/rspec-tests/healthcheck/healthcheck-1.0.0-linux-x86_64/lib/ruby/lib -L/home/actian/tylerm/rspec-tests/healthcheck/healthcheck-1.0.0-linux-x86_64/lib/ruby/lib -lruby-static  -lssl -lcrypto -lpthread -lrt -ldl -lcrypt -lm   -lc"
conftest.c: In function ‘main’:
conftest.c:5: warning: unused parameter ‘argv’
conftest.c: In function ‘t’:
conftest.c:13: error: ‘clock_gettime’ undeclared (first use in this function)
conftest.c:13: error: (Each undeclared identifier is reported only once
conftest.c:13: error: for each function it appears in.)
At top level:
cc1: warning: unrecognized command line option "-Wno-unused-result"
cc1: warning: unrecognized command line option "-Wno-unused-result"
checked program was:
/* begin */
 1: #include "ruby.h"
 2: 
 3: /*top*/
 4: extern int t(void);
 5: int main(int argc, char **argv)
 6: {
 7:   if (argc > 1000000) {
 8:     printf("%p", &t);
 9:   }
10: 
11:   return 0;
12: }
13: int t(void) { void ((*volatile p)()); p = (void ((*)()))clock_gettime; return 0; }
/* end */

"gcc -o conftest -I/home/actian/tylerm/rspec-tests/healthcheck/healthcheck-1.0.0-linux-x86_64/lib/ruby/include/ruby-2.1.0/x86_64-linux -I/home/actian/tylerm/rspec-tests/healthcheck/healthcheck-1.0.0-linux-x86_64/lib/ruby/include/ruby-2.1.0/ruby/backward -I/home/actian/tylerm/rspec-tests/healthcheck/healthcheck-1.0.0-linux-x86_64/lib/ruby/include/ruby-2.1.0 -I.    -Wall -Wextra -Wno-deprecated-declarations -Wno-ignored-qualifiers -Wno-unused-result -I/usr/local/override/include  -Wall -Wextra -Wno-deprecated-declarations -Wno-ignored-qualifiers -Wno-unused-result conftest.c  -L. -L/home/actian/tylerm/rspec-tests/healthcheck/healthcheck-1.0.0-linux-x86_64/lib/ruby/lib -Wl,-R/home/actian/tylerm/rspec-tests/healthcheck/healthcheck-1.0.0-linux-x86_64/lib/ruby/lib -L. -L/usr/local/override/lib -fstack-protector -rdynamic -Wl,-export-dynamic      -lssl -lcrypto -Wl,-R -Wl,/home/actian/tylerm/rspec-tests/healthcheck/healthcheck-1.0.0-linux-x86_64/lib/ruby/lib -L/home/actian/tylerm/rspec-tests/healthcheck/healthcheck-1.0.0-linux-x86_64/lib/ruby/lib -lruby-static  -lssl -lcrypto -lpthread -lrt -ldl -lcrypt -lm   -lc"
conftest.c: In function ‘main’:
conftest.c:5: warning: unused parameter ‘argv’
conftest.c: In function ‘t’:
conftest.c:13: warning: implicit declaration of function ‘clock_gettime’
At top level:
cc1: warning: unrecognized command line option "-Wno-unused-result"
cc1: warning: unrecognized command line option "-Wno-unused-result"
checked program was:
/* begin */
 1: #include "ruby.h"
 2: 
 3: /*top*/
 4: extern int t(void);
 5: int main(int argc, char **argv)
 6: {
 7:   if (argc > 1000000) {
 8:     printf("%p", &t);
 9:   }
10: 
11:   return 0;
12: }
13: int t(void) { clock_gettime(); return 0; }
/* end */

--------------------

have_const: checking for CLOCK_MONOTONIC_RAW in time.h... -------------------- yes

"gcc -I/home/actian/tylerm/rspec-tests/healthcheck/healthcheck-1.0.0-linux-x86_64/lib/ruby/include/ruby-2.1.0/x86_64-linux -I/home/actian/tylerm/rspec-tests/healthcheck/healthcheck-1.0.0-linux-x86_64/lib/ruby/include/ruby-2.1.0/ruby/backward -I/home/actian/tylerm/rspec-tests/healthcheck/healthcheck-1.0.0-linux-x86_64/lib/ruby/include/ruby-2.1.0 -I.    -Wall -Wextra -Wno-deprecated-declarations -Wno-ignored-qualifiers -Wno-unused-result -I/usr/local/override/include  -Wall -Wextra -Wno-deprecated-declarations -Wno-ignored-qualifiers -Wno-unused-result   -c conftest.c"
checked program was:
/* begin */
1: #include "ruby.h"
2: 
3: #include <time.h>
4: 
5: /*top*/
6: typedef int conftest_type;
7: conftest_type conftestval = (int)CLOCK_MONOTONIC_RAW;
/* end */

--------------------

have_const: checking for CLOCK_MONOTONIC in time.h... -------------------- yes

"gcc -I/home/actian/tylerm/rspec-tests/healthcheck/healthcheck-1.0.0-linux-x86_64/lib/ruby/include/ruby-2.1.0/x86_64-linux -I/home/actian/tylerm/rspec-tests/healthcheck/healthcheck-1.0.0-linux-x86_64/lib/ruby/include/ruby-2.1.0/ruby/backward -I/home/actian/tylerm/rspec-tests/healthcheck/healthcheck-1.0.0-linux-x86_64/lib/ruby/include/ruby-2.1.0 -I.    -Wall -Wextra -Wno-deprecated-declarations -Wno-ignored-qualifiers -Wno-unused-result -I/usr/local/override/include  -Wall -Wextra -Wno-deprecated-declarations -Wno-ignored-qualifiers -Wno-unused-result   -c conftest.c"
checked program was:
/* begin */
1: #include "ruby.h"
2: 
3: #include <time.h>
4: 
5: /*top*/
6: typedef int conftest_type;
7: conftest_type conftestval = (int)CLOCK_MONOTONIC;
/* end */

--------------------

"g++ -o conftest -I/home/actian/tylerm/rspec-tests/healthcheck/healthcheck-1.0.0-linux-x86_64/lib/ruby/include/ruby-2.1.0/x86_64-linux -I/home/actian/tylerm/rspec-tests/healthcheck/healthcheck-1.0.0-linux-x86_64/lib/ruby/include/ruby-2.1.0/ruby/backward -I/home/actian/tylerm/rspec-tests/healthcheck/healthcheck-1.0.0-linux-x86_64/lib/ruby/include/ruby-2.1.0 -I.    -Wall -Wextra -Wno-deprecated-declarations -Wno-ignored-qualifiers -Wno-unused-result -I/usr/local/override/include  -Wall -Wextra -Wno-deprecated-declarations -Wno-ignored-qualifiers -Wno-unused-result conftest.c  -L. -L/home/actian/tylerm/rspec-tests/healthcheck/healthcheck-1.0.0-linux-x86_64/lib/ruby/lib -Wl,-R/home/actian/tylerm/rspec-tests/healthcheck/healthcheck-1.0.0-linux-x86_64/lib/ruby/lib -L. -L/usr/local/override/lib -fstack-protector -rdynamic -Wl,-export-dynamic      -lssl -lcrypto -Wl,-R -Wl,/home/actian/tylerm/rspec-tests/healthcheck/healthcheck-1.0.0-linux-x86_64/lib/ruby/lib -L/home/actian/tylerm/rspec-tests/healthcheck/healthcheck-1.0.0-linux-x86_64/lib/ruby/lib -lruby-static -lstdc++ -lpthread -lrt -ldl -lcrypt -lm   -lc"
checked program was:
/* begin */
1: #include "ruby.h"
2: 
3:   #include <utility>
4:   using namespace std;
5:   int main(){ pair<const int,int> tuple = make_pair(1,2); }
/* end */

